<?xml version="1.0" encoding="UTF-8"?>
<!-- Generated by org.testng.reporters.JUnitXMLReporter -->
<testsuite hostname="VDIDEVSERCO058" ignored="0" name="Default test" tests="10" failures="0" timestamp="21 May 2017 16:23:31 GMT" time="51.95" errors="0">
  <testcase name="activeMenuLinkTest" time="2.032" classname="org.springframework.samples.petclinic.vselenium.homePageTest"/>
  <testcase name="checkWelcomeImageTest" time="1.507" classname="org.springframework.samples.petclinic.vselenium.homePageTest"/>
  <testcase name="clickOnErrorLinlTest" time="1.375" classname="org.springframework.samples.petclinic.vselenium.homePageTest"/>
  <testcase name="clickOnOwnersLinkTest" time="1.384" classname="org.springframework.samples.petclinic.vselenium.homePageTest"/>
  <testcase name="clickOnVetsLinlTest" time="1.909" classname="org.springframework.samples.petclinic.vselenium.homePageTest"/>
  <testcase name="footerImageTest" time="1.049" classname="org.springframework.samples.petclinic.vselenium.homePageTest"/>
  <testcase name="getHomePageTitleTest" time="0.886" classname="org.springframework.samples.petclinic.vselenium.homePageTest"/>
  <testcase name="homePageheadingTest" time="0.867" classname="org.springframework.samples.petclinic.vselenium.homePageTest"/>
  <testcase name="menuBackGroundImageTest" time="0.813" classname="org.springframework.samples.petclinic.vselenium.homePageTest"/>
  <testcase name="menulinksOnPageTest" time="1.074" classname="org.springframework.samples.petclinic.vselenium.homePageTest"/>
</testsuite> <!-- Default test -->
